2023-02-14 16:20:23,979 - INFO - views - User Has been Generated 
2023-02-14 16:20:23,979 - INFO - views - user's info has been updated 
2023-02-14 16:26:40,768 - INFO -- views - User Has been Generated 
2023-02-14 16:26:40,768 - INFO -- views - user's info has been updated 
2023-02-14 16:26:46,985 - INFO - main - views - User Has been Generated 
2023-02-14 16:26:46,985 - INFO - main - views - user's info has been updated 
2023-02-14 16:30:56,197 - INFO - main - views - User Has been Generated 
2023-02-14 16:32:23,087 - INFO - --main - views - User Has been Generated 
2023-02-14 16:32:25,547 - INFO - - main - views - User Has been Generated 
2023-02-14 16:35:52,488 - INFO - views.py - main - views - User Has been Generated 
2023-02-14 16:39:47,748 - INFO - views.py - main - views - User Has been Generated 
2023-02-14 16:39:47,748 - INFO - views.py - main - views - User Has been Generated 
2023-02-14 16:54:48,209 - INFO - views.py - main - views - User Has been Generated 
2023-02-14 16:54:48,210 - INFO - views.py - main - views - User Has been Generated 
2023-02-14 16:59:54,466 - INFO - views.py - main - views - User Has been Generated 
2023-02-14 16:59:54,466 - INFO - views.py - main - views - User Has been Generated 
2023-02-14 17:00:00,059 - INFO - views.py - main - views - User Has been Generated 
2023-02-14 17:00:00,075 - INFO - views.py - main - views - User Has been Generated 
2023-02-14 17:01:41,656 - INFO - views.py - main - views - User Has been Generated 
2023-02-14 17:01:41,657 - INFO - views.py - main - views - User Has been Generated 
2023-02-14 17:01:53,708 - INFO - views.py - main - views - User Has been Generated 
2023-02-14 17:01:53,708 - INFO - views.py - main - views - User Has been Generated 
2023-02-14 17:02:43,650 - INFO - views.py - main - views - User Has been Generated 
2023-02-14 17:02:43,651 - INFO - views.py - main - views - User Has been Generated 
2023-02-14 17:03:19,782 - INFO - views.py - main - views - User Has been Generated 
2023-02-14 17:03:19,783 - INFO - views.py - main - views - User Has been Generated 
2023-02-14 17:03:25,502 - INFO - views.py - main - views - User Has been Generated 
2023-02-14 17:03:25,502 - INFO - views.py - main - views - User Has been Generated 
2023-02-14 17:03:30,074 - INFO - views.py - main - views - User Has been Generated 
2023-02-14 17:03:30,074 - INFO - views.py - main - views - User Has been Generated 
2023-02-14 17:27:18,835 - INFO - views.py - main - views - User Has been Generated 
2023-02-14 17:27:18,835 - INFO - views.py - main - views - User Has been Generated 
2023-02-14 17:27:30,897 - INFO - views.py - main - views - User Has been Generated 
2023-02-14 17:27:30,897 - INFO - views.py - main - views - User Has been Generated 
2023-02-14 17:27:36,687 - INFO - views.py - main - views - User Has been Generated 
2023-02-14 17:27:36,687 - INFO - views.py - main - views - User Has been Generated 
2023-02-14 17:27:45,568 - INFO - views.py - main - views - User Has been Generated 
2023-02-14 17:27:45,568 - INFO - views.py - main - views - User Has been Generated 
2023-02-14 17:27:51,316 - INFO - views.py - main - views - User Has been Generated 
2023-02-14 17:27:51,316 - INFO - views.py - main - views - User Has been Generated 
2023-02-14 17:27:54,774 - INFO - views.py - main - views - User Has been Generated 
2023-02-14 17:27:54,774 - INFO - views.py - main - views - User Has been Generated 
2023-02-14 17:28:03,893 - INFO - views.py - main - views - User Has been Generated 
2023-02-14 17:28:03,893 - INFO - views.py - main - views - User Has been Generated 
2023-02-14 17:28:09,492 - INFO - views.py - main - views - User Has been Generated 
2023-02-14 17:28:09,492 - INFO - views.py - main - views - User Has been Generated 
2023-02-14 17:28:13,133 - INFO - views.py - main - views - User Has been Generated 
2023-02-14 17:28:13,133 - INFO - views.py - main - views - User Has been Generated 
2023-02-14 17:28:20,977 - INFO - views.py - main - views - User Has been Generated 
2023-02-14 17:28:20,977 - INFO - views.py - main - views - User Has been Generated 
2023-02-14 17:28:25,567 - INFO - views.py - main - views - User Has been Generated 
2023-02-14 17:28:25,567 - INFO - views.py - main - views - User Has been Generated 
2023-02-14 17:28:29,100 - INFO - views.py - main - views - User Has been Generated 
2023-02-14 17:28:29,100 - INFO - views.py - main - views - User Has been Generated 
2023-02-14 17:28:32,696 - INFO - views.py - main - views - User Has been Generated 
2023-02-14 17:28:32,696 - INFO - views.py - main - views - User Has been Generated 
2023-02-14 17:29:00,611 - INFO - views.py - main - views - User Has been Generated 
2023-02-14 17:29:00,611 - INFO - views.py - main - views - User Has been Generated 
2023-02-14 17:32:36,624 - INFO - views.py - main - views - User Has been Generated 
2023-02-14 17:32:36,624 - INFO - views.py - main - views - User Has been Generated 
2023-02-14 17:32:40,216 - INFO - views.py - main - views - User Has been Generated 
2023-02-14 17:32:40,216 - INFO - views.py - main - views - User Has been Generated 
2023-02-14 17:32:46,820 - INFO - views.py - main - views - User Has been Generated 
2023-02-14 17:32:46,820 - INFO - views.py - main - views - User Has been Generated 
2023-02-14 17:33:00,979 - INFO - views.py - main - views - User Has been Generated 
2023-02-14 17:33:00,979 - INFO - views.py - main - views - User Has been Generated 
2023-02-14 17:33:09,817 - INFO - views.py - main - views - User Has been Generated 
2023-02-14 17:33:09,817 - INFO - views.py - main - views - User Has been Generated 
2023-02-14 17:33:13,489 - INFO - views.py - main - views - User Has been Generated 
2023-02-14 17:33:13,489 - INFO - views.py - main - views - User Has been Generated 
2023-02-14 17:33:16,018 - INFO - views.py - main - views - User Has been Generated 
2023-02-14 17:33:16,018 - INFO - views.py - main - views - User Has been Generated 
2023-02-14 17:33:18,510 - INFO - views.py - main - views - User Has been Generated 
2023-02-14 17:33:18,510 - INFO - views.py - main - views - User Has been Generated 
2023-02-14 17:33:28,364 - INFO - views.py - main - views - User Has been Generated 
2023-02-14 17:33:28,364 - INFO - views.py - main - views - User Has been Generated 
2023-02-14 17:33:33,035 - INFO - views.py - main - views - User Has been Generated 
2023-02-14 17:33:33,035 - INFO - views.py - main - views - User Has been Generated 
2023-02-14 17:37:26,758 - INFO - views.py - main - views - User Has been Generated 
2023-02-14 17:37:26,758 - INFO - views.py - main - views - User Has been Generated 
2023-02-14 17:37:35,714 - INFO - views.py - main - views - User Has been Generated 
2023-02-14 17:37:35,714 - INFO - views.py - main - views - User Has been Generated 
2023-02-14 17:37:39,208 - INFO - views.py - main - views - User Has been Generated 
2023-02-14 17:37:39,208 - INFO - views.py - main - views - User Has been Generated 
2023-02-14 17:37:46,002 - INFO - views.py - main - views - User Has been Generated 
2023-02-14 17:37:46,002 - INFO - views.py - main - views - User Has been Generated 
2023-02-14 17:37:49,694 - INFO - views.py - main - views - User Has been Generated 
2023-02-14 17:37:49,694 - INFO - views.py - main - views - User Has been Generated 
2023-02-14 17:38:06,084 - INFO - views.py - main - views - User Has been Generated 
2023-02-14 17:38:06,084 - INFO - views.py - main - views - User Has been Generated 
2023-02-14 17:38:14,873 - INFO - views.py - main - views - User Has been Generated 
2023-02-14 17:38:14,886 - INFO - views.py - main - views - User Has been Generated 
2023-02-14 17:38:18,469 - INFO - views.py - main - views - User Has been Generated 
2023-02-14 17:38:18,469 - INFO - views.py - main - views - User Has been Generated 
2023-02-14 17:38:20,979 - INFO - views.py - main - views - User Has been Generated 
2023-02-14 17:38:20,979 - INFO - views.py - main - views - User Has been Generated 
2023-02-14 17:41:35,838 - INFO - views.py - main - views - User Has been Generated 
2023-02-14 17:41:35,838 - INFO - views.py - main - views - User Has been Generated 
2023-02-14 17:41:45,700 - INFO - views.py - main - views - User Has been Generated 
2023-02-14 17:41:45,700 - INFO - views.py - main - views - User Has been Generated 
2023-02-14 17:45:03,190 - INFO - views.py - main - views - User Has been Generated 
2023-02-14 17:45:03,190 - INFO - views.py - main - views - User Has been Generated 
2023-02-14 17:45:05,625 - INFO - views.py - main - views - User Has been Generated 
2023-02-14 17:45:05,625 - INFO - views.py - main - views - User Has been Generated 
2023-02-14 17:45:15,522 - INFO - views.py - main - views - User Has been Generated 
2023-02-14 17:45:15,522 - INFO - views.py - main - views - User Has been Generated 
2023-02-14 17:45:19,008 - INFO - views.py - main - views - User Has been Generated 
2023-02-14 17:45:19,016 - INFO - views.py - main - views - User Has been Generated 
2023-02-14 17:45:27,789 - INFO - views.py - main - views - User Has been Generated 
2023-02-14 17:45:27,789 - INFO - views.py - main - views - User Has been Generated 
2023-02-14 17:45:55,592 - INFO - views.py - main - views - User Has been Generated 
2023-02-14 17:45:55,592 - INFO - views.py - main - views - User Has been Generated 
2023-02-14 17:45:57,983 - INFO - views.py - main - views - User Has been Generated 
2023-02-14 17:45:57,983 - INFO - views.py - main - views - User Has been Generated 
2023-02-14 17:46:08,270 - INFO - views.py - main - views - User Has been Generated 
2023-02-14 17:46:08,270 - INFO - views.py - main - views - User Has been Generated 
2023-02-14 17:46:13,854 - INFO - views.py - main - views - User Has been Generated 
2023-02-14 17:46:13,854 - INFO - views.py - main - views - User Has been Generated 
2023-02-14 17:46:21,710 - INFO - views.py - main - views - User Has been Generated 
2023-02-14 17:46:21,710 - INFO - views.py - main - views - User Has been Generated 
2023-02-14 17:46:27,358 - INFO - views.py - main - views - User Has been Generated 
2023-02-14 17:46:27,358 - INFO - views.py - main - views - User Has been Generated 
2023-02-14 17:46:37,239 - INFO - views.py - main - views - User Has been Generated 
2023-02-14 17:46:37,239 - INFO - views.py - main - views - User Has been Generated 
2023-02-14 17:46:39,637 - INFO - views.py - main - views - User Has been Generated 
2023-02-14 17:46:39,637 - INFO - views.py - main - views - User Has been Generated 
2023-02-14 17:46:46,312 - INFO - views.py - main - views - User Has been Generated 
2023-02-14 17:46:46,312 - INFO - views.py - main - views - User Has been Generated 
2023-02-14 17:46:49,858 - INFO - views.py - main - views - User Has been Generated 
2023-02-14 17:46:49,858 - INFO - views.py - main - views - User Has been Generated 
2023-02-14 17:57:17,167 - INFO - main - views - User Has been Generated 
2023-02-14 17:57:17,167 - INFO - main - views - User Has been Generated 
2023-02-15 06:15:04,652 - INFO - main - views -  User Has been created  
2023-02-15 06:15:05,013 - INFO - main - views -  User Has been seen  
2023-02-15 06:15:05,039 - INFO - main - views -  User Has been seen  
2023-02-15 06:17:26,354 - INFO - main - views -  User Has been seen  
2023-02-15 06:17:26,385 - INFO - main - views -  User Has been seen  
2023-02-15 06:19:38,762 - INFO - main - views -  User Has been seen  
2023-02-15 06:19:38,808 - INFO - main - views -  User Has been seen  
2023-02-15 06:31:10,761 - INFO - main - views -  User Has been seen  
2023-02-15 06:31:10,837 - INFO - main - views -  User Has been seen  
2023-02-15 06:31:20,332 - INFO - main - views -  User Has been seen  
2023-02-15 06:31:20,376 - INFO - main - views -  User Has been seen  
2023-02-15 06:35:59,999 - INFO - main - views -  User Has been seen  
2023-02-15 06:36:00,034 - INFO - main - views -  User Has been seen  
2023-02-15 06:36:12,271 - INFO - main - views -  User Has been seen  
2023-02-15 06:36:12,321 - INFO - main - views -  User Has been seen  
2023-02-15 06:37:33,083 - INFO - main - views -  User Has been seen  
2023-02-15 06:37:33,111 - INFO - main - views -  User Has been seen  
2023-02-15 06:49:11,472 - INFO - main - views -  User Has been seen  
2023-02-15 07:09:28,856 - INFO - main - views -  User Has been seen  
2023-02-15 07:09:28,887 - INFO - main - views -  User Has been seen  
2023-02-15 08:16:53,441 - INFO - main - views -  User Has been seen  
2023-02-15 08:16:53,522 - INFO - main - views -  User Has been seen  
2023-02-15 08:55:46,552 - INFO - main - views -  User Has been seen  
2023-02-15 08:55:46,584 - INFO - main - views -  User Has been seen  
